[debug] [2022-08-09T04:37:34.014Z] ----------------------------------------------------------------------
[debug] [2022-08-09T04:37:34.016Z] Command:       C:\Program Files\nodejs\node.exe C:\Users\Ridoy\AppData\Roaming\npm\node_modules\firebase-tools\lib\bin\firebase.js init
[debug] [2022-08-09T04:37:34.016Z] CLI Version:   11.0.1
[debug] [2022-08-09T04:37:34.016Z] Platform:      win32
[debug] [2022-08-09T04:37:34.016Z] Node Version:  v16.14.0
[debug] [2022-08-09T04:37:34.018Z] Time:          Tue Aug 09 2022 10:37:34 GMT+0600 (Bangladesh Standard Time)
[debug] [2022-08-09T04:37:34.018Z] ----------------------------------------------------------------------
[debug] 
[debug] [2022-08-09T04:37:34.090Z] > command requires scopes: ["email","openid","https://www.googleapis.com/auth/cloudplatformprojects.readonly","https://www.googleapis.com/auth/firebase","https://www.googleapis.com/auth/cloud-platform"]
[debug] [2022-08-09T04:37:34.090Z] > authorizing via signed-in user (knowledgezone404@gmail.com)
[info] 
     ######## #### ########  ######## ########     ###     ######  ########
     ##        ##  ##     ## ##       ##     ##  ##   ##  ##       ##
     ######    ##  ########  ######   ########  #########  ######  ######
     ##        ##  ##    ##  ##       ##     ## ##     ##       ## ##
     ##       #### ##     ## ######## ########  ##     ##  ######  ########

You're about to initialize a Firebase project in this directory:

  C:\project\knowledge-zone-client

Before we get started, keep in mind:

  * You are currently outside your home directory
  * You are initializing within an existing Firebase project directory

[info] 
=== Project Setup
[info] 
[info] First, let's associate this project directory with a Firebase project.
[info] You can create multiple project aliases by running firebase use --add, 
[info] but for now we'll just set up a default project.
[info] 
[debug] [2022-08-09T04:37:49.195Z] Using project from CLI flag: knowledge-zone-37325
[debug] [2022-08-09T04:37:49.198Z] >>> [apiv2][query] GET https://firebase.googleapis.com/v1beta1/projects/knowledge-zone-37325 [none]
[debug] [2022-08-09T04:37:49.838Z] <<< [apiv2][status] GET https://firebase.googleapis.com/v1beta1/projects/knowledge-zone-37325 403
[debug] [2022-08-09T04:37:49.839Z] <<< [apiv2][body] GET https://firebase.googleapis.com/v1beta1/projects/knowledge-zone-37325 {"error":{"code":403,"message":"The caller does not have permission","status":"PERMISSION_DENIED"}}
[debug] [2022-08-09T04:37:49.842Z] HTTP Error: 403, The caller does not have permission
[debug] [2022-08-09T04:37:50.075Z] FirebaseError: HTTP Error: 403, The caller does not have permission
    at module.exports (C:\Users\Ridoy\AppData\Roaming\npm\node_modules\firebase-tools\lib\responseToError.js:47:12)
    at RetryOperation._fn (C:\Users\Ridoy\AppData\Roaming\npm\node_modules\firebase-tools\lib\apiv2.js:286:39)
    at processTicksAndRejections (node:internal/process/task_queues:96:5)
[error] 
[error] Error: Failed to get Firebase project knowledge-zone-37325. Please make sure the project exists and your account has permission to access it.
